c:\users\admin\documents\github\cw-anp\cw-anp\debug\vc142.pdb
c:\users\admin\documents\github\cw-anp\cw-anp\debug\vc142.idb
c:\users\admin\documents\github\cw-anp\cw-anp\debug\main.obj
c:\users\admin\documents\github\cw-anp\cw-anp\debug\geometry.obj
c:\users\admin\documents\github\cw-anp\cw-anp\debug\sorting.obj
c:\users\admin\documents\github\cw-anp\cw-anp\debug\handlefile.obj
c:\users\user\documents\github\cw-anp\cw-anp\debug\vc142.pdb
c:\users\user\documents\github\cw-anp\cw-anp\debug\vc142.idb
c:\users\user\documents\github\cw-anp\cw-anp\debug\sorting.obj
c:\users\user\documents\github\cw-anp\cw-anp\debug\handlefile.obj
c:\users\user\documents\github\cw-anp\cw-anp\debug\geometry.obj
c:\users\user\documents\github\cw-anp\cw-anp\debug\main.obj
c:\users\admin\documents\github\cw-anp\cw-anp\debug\cw-anp.exe
c:\users\admin\documents\github\cw-anp\cw-anp\debug\cw-anp.ilk
c:\users\admin\documents\github\cw-anp\cw-anp\debug\cw-anp.pdb
c:\users\user\documents\github\cw-anp\cw-anp\debug\cw-anp.pdb
c:\users\user\documents\github\cw-anp\cw-anp\debug\cw-anp.tlog\cl.command.1.tlog
c:\users\user\documents\github\cw-anp\cw-anp\debug\cw-anp.tlog\cl.read.1.tlog
c:\users\user\documents\github\cw-anp\cw-anp\debug\cw-anp.tlog\cl.write.1.tlog
c:\users\user\documents\github\cw-anp\cw-anp\debug\cw-anp.tlog\link-cvtres.read.1.tlog
c:\users\user\documents\github\cw-anp\cw-anp\debug\cw-anp.tlog\link-cvtres.write.1.tlog
c:\users\user\documents\github\cw-anp\cw-anp\debug\cw-anp.tlog\link-rc.read.1.tlog
c:\users\user\documents\github\cw-anp\cw-anp\debug\cw-anp.tlog\link-rc.write.1.tlog
c:\users\user\documents\github\cw-anp\cw-anp\debug\cw-anp.tlog\link.command.1.tlog
c:\users\user\documents\github\cw-anp\cw-anp\debug\cw-anp.tlog\link.read.1.tlog
c:\users\user\documents\github\cw-anp\cw-anp\debug\cw-anp.tlog\link.write.1.tlog
